19-Dec-2020 16:18:27.174 INFORMAÇÕES [main] sun.reflect.NativeMethodAccessorImpl.invoke Server version name:   Apache Tomcat (TomEE)/9.0.30 (8.0.1)
19-Dec-2020 16:18:27.175 INFORMAÇÕES [main] sun.reflect.NativeMethodAccessorImpl.invoke Server built:          Dec 7 2019 16:42:04 UTC
19-Dec-2020 16:18:27.175 INFORMAÇÕES [main] sun.reflect.NativeMethodAccessorImpl.invoke Server version number: 9.0.30.0
19-Dec-2020 16:18:27.175 INFORMAÇÕES [main] sun.reflect.NativeMethodAccessorImpl.invoke OS Name:               Linux
19-Dec-2020 16:18:27.175 INFORMAÇÕES [main] sun.reflect.NativeMethodAccessorImpl.invoke OS Version:            5.4.0-58-generic
19-Dec-2020 16:18:27.175 INFORMAÇÕES [main] sun.reflect.NativeMethodAccessorImpl.invoke Architecture:          amd64
19-Dec-2020 16:18:27.175 INFORMAÇÕES [main] sun.reflect.NativeMethodAccessorImpl.invoke Java Home:             /home/marden/.sdkman/candidates/java/8.0.265-open/jre
19-Dec-2020 16:18:27.175 INFORMAÇÕES [main] sun.reflect.NativeMethodAccessorImpl.invoke JVM Version:           1.8.0_265-b01
19-Dec-2020 16:18:27.175 INFORMAÇÕES [main] sun.reflect.NativeMethodAccessorImpl.invoke JVM Vendor:            Oracle Corporation
19-Dec-2020 16:18:27.175 INFORMAÇÕES [main] sun.reflect.NativeMethodAccessorImpl.invoke CATALINA_BASE:         /home/marden/Projects/contabilone/programmer-java/.distribution/apache-tomee
19-Dec-2020 16:18:27.175 INFORMAÇÕES [main] sun.reflect.NativeMethodAccessorImpl.invoke CATALINA_HOME:         /home/marden/Projects/contabilone/programmer-java/.distribution/apache-tomee
19-Dec-2020 16:18:27.176 INFORMAÇÕES [main] sun.reflect.NativeMethodAccessorImpl.invoke Command line argument: -Djava.util.logging.config.file=/home/marden/Projects/contabilone/programmer-java/.distribution/apache-tomee/conf/logging.properties
19-Dec-2020 16:18:27.176 INFORMAÇÕES [main] sun.reflect.NativeMethodAccessorImpl.invoke Command line argument: -Djava.util.logging.manager=org.apache.juli.ClassLoaderLogManager
19-Dec-2020 16:18:27.176 INFORMAÇÕES [main] sun.reflect.NativeMethodAccessorImpl.invoke Command line argument: -javaagent:/home/marden/Projects/contabilone/programmer-java/.distribution/apache-tomee/lib/openejb-javaagent.jar
19-Dec-2020 16:18:27.176 INFORMAÇÕES [main] sun.reflect.NativeMethodAccessorImpl.invoke Command line argument: -Djdk.tls.ephemeralDHKeySize=2048
19-Dec-2020 16:18:27.179 INFORMAÇÕES [main] sun.reflect.NativeMethodAccessorImpl.invoke Command line argument: -Djava.protocol.handler.pkgs=org.apache.catalina.webresources
19-Dec-2020 16:18:27.179 INFORMAÇÕES [main] sun.reflect.DelegatingMethodAccessorImpl.invoke Command line argument: -Dorg.apache.catalina.security.SecurityListener.UMASK=0027
19-Dec-2020 16:18:27.179 INFORMAÇÕES [main] sun.reflect.DelegatingMethodAccessorImpl.invoke Command line argument: -Dorg.apache.catalina.STRICT_SERVLET_COMPLIANCE=false
19-Dec-2020 16:18:27.180 INFORMAÇÕES [main] sun.reflect.DelegatingMethodAccessorImpl.invoke Command line argument: -Dopenejb.session.manager=org.apache.tomee.catalina.session.QuickSessionManager
19-Dec-2020 16:18:27.180 INFORMAÇÕES [main] sun.reflect.DelegatingMethodAccessorImpl.invoke Command line argument: -Dtomee.remote.support=true
19-Dec-2020 16:18:27.180 INFORMAÇÕES [main] sun.reflect.DelegatingMethodAccessorImpl.invoke Command line argument: -Dopenejb.system.apps=false
19-Dec-2020 16:18:27.180 INFORMAÇÕES [main] sun.reflect.DelegatingMethodAccessorImpl.invoke Command line argument: -Dtomee.noshutdownhook=true
19-Dec-2020 16:18:27.180 INFORMAÇÕES [main] sun.reflect.DelegatingMethodAccessorImpl.invoke Command line argument: -Dtomee.jsp-development=true
19-Dec-2020 16:18:27.180 INFORMAÇÕES [main] sun.reflect.DelegatingMethodAccessorImpl.invoke Command line argument: -Dignore.endorsed.dirs=
19-Dec-2020 16:18:27.180 INFORMAÇÕES [main] sun.reflect.DelegatingMethodAccessorImpl.invoke Command line argument: -Dcatalina.base=/home/marden/Projects/contabilone/programmer-java/.distribution/apache-tomee
19-Dec-2020 16:18:27.180 INFORMAÇÕES [main] sun.reflect.DelegatingMethodAccessorImpl.invoke Command line argument: -Dcatalina.home=/home/marden/Projects/contabilone/programmer-java/.distribution/apache-tomee
19-Dec-2020 16:18:27.180 INFORMAÇÕES [main] sun.reflect.DelegatingMethodAccessorImpl.invoke Command line argument: -Djava.io.tmpdir=/home/marden/Projects/contabilone/programmer-java/.distribution/apache-tomee/temp
19-Dec-2020 16:18:27.180 INFORMAÇÕES [main] sun.reflect.DelegatingMethodAccessorImpl.invoke The APR based Apache Tomcat Native library which allows optimal performance in production environments was not found on the java.library.path: [/usr/java/packages/lib/amd64:/usr/lib64:/lib64:/lib:/usr/lib]
19-Dec-2020 16:18:27.416 INFORMAÇÕES [main] sun.reflect.DelegatingMethodAccessorImpl.invoke Initializing ProtocolHandler ["http-nio-8080"]
19-Dec-2020 16:18:27.438 INFORMAÇÕES [main] sun.reflect.DelegatingMethodAccessorImpl.invoke Initializing ProtocolHandler ["ajp-nio-8009"]
19-Dec-2020 16:18:27.651 INFORMAÇÕES [main] org.apache.openejb.util.OptionsLog.info Using 'tomee.remote.support=true'
19-Dec-2020 16:18:27.659 INFORMAÇÕES [main] org.apache.openejb.util.OptionsLog.info Using 'openejb.jdbc.datasource-creator=org.apache.tomee.jdbc.TomEEDataSourceCreator'
19-Dec-2020 16:18:27.728 INFORMAÇÕES [main] org.apache.openejb.OpenEJB$Instance.<init> ********************************************************************************
19-Dec-2020 16:18:27.728 INFORMAÇÕES [main] org.apache.openejb.OpenEJB$Instance.<init> OpenEJB http://tomee.apache.org/
19-Dec-2020 16:18:27.728 INFORMAÇÕES [main] org.apache.openejb.OpenEJB$Instance.<init> Startup: Sat Dec 19 16:18:27 BRT 2020
19-Dec-2020 16:18:27.728 INFORMAÇÕES [main] org.apache.openejb.OpenEJB$Instance.<init> Copyright 1999-2018 (C) Apache OpenEJB Project, All Rights Reserved.
19-Dec-2020 16:18:27.728 INFORMAÇÕES [main] org.apache.openejb.OpenEJB$Instance.<init> Version: 8.0.1
19-Dec-2020 16:18:27.728 INFORMAÇÕES [main] org.apache.openejb.OpenEJB$Instance.<init> Build date: 20200107
19-Dec-2020 16:18:27.729 INFORMAÇÕES [main] org.apache.openejb.OpenEJB$Instance.<init> Build time: 02:43
19-Dec-2020 16:18:27.729 INFORMAÇÕES [main] org.apache.openejb.OpenEJB$Instance.<init> ********************************************************************************
19-Dec-2020 16:18:27.729 INFORMAÇÕES [main] org.apache.openejb.OpenEJB$Instance.<init> openejb.home = /home/marden/Projects/contabilone/programmer-java/.distribution/apache-tomee
19-Dec-2020 16:18:27.729 INFORMAÇÕES [main] org.apache.openejb.OpenEJB$Instance.<init> openejb.base = /home/marden/Projects/contabilone/programmer-java/.distribution/apache-tomee
19-Dec-2020 16:18:27.730 INFORMAÇÕES [main] org.apache.openejb.cdi.CdiBuilder.initializeOWB Created new singletonService org.apache.openejb.cdi.ThreadSingletonServiceImpl@37918c79
19-Dec-2020 16:18:27.733 INFORMAÇÕES [main] org.apache.openejb.cdi.CdiBuilder.initializeOWB Succeeded in installing singleton service
19-Dec-2020 16:18:27.758 INFORMAÇÕES [main] org.apache.openejb.config.ConfigurationFactory.init TomEE configuration file is '/home/marden/Projects/contabilone/programmer-java/.distribution/apache-tomee/conf/tomee.xml'
19-Dec-2020 16:18:27.793 INFORMAÇÕES [main] org.apache.openejb.config.ConfigurationFactory.configureService Configuring Service(id=Tomcat Security Service, type=SecurityService, provider-id=Tomcat Security Service)
19-Dec-2020 16:18:27.795 INFORMAÇÕES [main] org.apache.openejb.config.ConfigurationFactory.configureService Configuring Service(id=Default Transaction Manager, type=TransactionManager, provider-id=Default Transaction Manager)
19-Dec-2020 16:18:27.797 INFORMAÇÕES [main] org.apache.openejb.util.OptionsLog.info Using 'openejb.system.apps=false'
19-Dec-2020 16:18:27.797 INFORMAÇÕES [main] org.apache.openejb.util.OptionsLog.info Using 'openejb.deployments.classpath=false'
19-Dec-2020 16:18:27.799 INFORMAÇÕES [main] org.apache.openejb.assembler.classic.Assembler.createRecipe Creating TransactionManager(id=Default Transaction Manager)
19-Dec-2020 16:18:27.838 INFORMAÇÕES [main] org.apache.openejb.assembler.classic.Assembler.createRecipe Creating SecurityService(id=Tomcat Security Service)
19-Dec-2020 16:18:27.885 INFORMAÇÕES [main] org.apache.openejb.server.ServiceManager.initServer Creating ServerService(id=cxf-rs)
19-Dec-2020 16:18:28.039 INFORMAÇÕES [main] org.apache.openejb.server.SimpleServiceManager.start   ** Bound Services **
19-Dec-2020 16:18:28.039 INFORMAÇÕES [main] org.apache.openejb.server.SimpleServiceManager.printRow   NAME                 IP              PORT  
19-Dec-2020 16:18:28.039 INFORMAÇÕES [main] org.apache.openejb.server.SimpleServiceManager.start -------
19-Dec-2020 16:18:28.039 INFORMAÇÕES [main] org.apache.openejb.server.SimpleServiceManager.start Ready!
19-Dec-2020 16:18:28.040 INFORMAÇÕES [main] org.apache.openejb.util.OptionsLog.info Using 'tomee.noshutdownhook=true'
19-Dec-2020 16:18:28.040 INFORMAÇÕES [main] sun.reflect.DelegatingMethodAccessorImpl.invoke Server initialization in [1.048] milliseconds
19-Dec-2020 16:18:28.054 INFORMAÇÕES [main] org.apache.tomee.catalina.OpenEJBNamingContextListener.bindResource Importing a Tomcat Resource with id 'UserDatabase' of type 'org.apache.catalina.UserDatabase'.
19-Dec-2020 16:18:28.054 INFORMAÇÕES [main] org.apache.openejb.assembler.classic.Assembler.createRecipe Creating Resource(id=UserDatabase)
19-Dec-2020 16:18:28.062 INFORMAÇÕES [main] sun.reflect.DelegatingMethodAccessorImpl.invoke Starting service [Catalina]
19-Dec-2020 16:18:28.062 INFORMAÇÕES [main] sun.reflect.DelegatingMethodAccessorImpl.invoke Starting Servlet engine: [Apache Tomcat (TomEE)/9.0.30 (8.0.1)]
19-Dec-2020 16:18:28.077 INFORMAÇÕES [main] sun.reflect.DelegatingMethodAccessorImpl.invoke Deploying web application archive [/home/marden/Projects/contabilone/programmer-java/.distribution/apache-tomee/webapps/programmer-java-1.0-SNAPSHOT.war]
19-Dec-2020 16:18:28.085 INFORMAÇÕES [main] org.apache.tomee.catalina.TomcatWebAppBuilder.init ------------------------- localhost -> /programmer-java-1.0-SNAPSHOT
19-Dec-2020 16:18:28.086 INFORMAÇÕES [main] org.apache.openejb.util.JarExtractor.extract Extracting jar: /home/marden/Projects/contabilone/programmer-java/.distribution/apache-tomee/webapps/programmer-java-1.0-SNAPSHOT.war
19-Dec-2020 16:18:28.089 INFORMAÇÕES [main] org.apache.openejb.util.JarExtractor.extract Extracted path: /home/marden/Projects/contabilone/programmer-java/.distribution/apache-tomee/webapps/programmer-java-1.0-SNAPSHOT
19-Dec-2020 16:18:28.089 INFORMAÇÕES [main] org.apache.openejb.util.OptionsLog.info Using 'openejb.session.manager=org.apache.tomee.catalina.session.QuickSessionManager'
19-Dec-2020 16:18:28.177 INFORMAÇÕES [main] org.apache.openejb.config.ConfigurationFactory.configureApplication Configuring enterprise application: /home/marden/Projects/contabilone/programmer-java/.distribution/apache-tomee/webapps/programmer-java-1.0-SNAPSHOT
19-Dec-2020 16:18:28.182 GRAVE [main] sun.reflect.NativeMethodAccessorImpl.invoke Error deploying web application archive [/home/marden/Projects/contabilone/programmer-java/.distribution/apache-tomee/webapps/programmer-java-1.0-SNAPSHOT.war]
	java.lang.IllegalStateException: Error starting child
		at org.apache.catalina.core.ContainerBase.addChildInternal(ContainerBase.java:720)
		at org.apache.catalina.core.ContainerBase.addChild(ContainerBase.java:690)
		at org.apache.catalina.core.StandardHost.addChild(StandardHost.java:705)
		at org.apache.catalina.startup.HostConfig.deployWAR(HostConfig.java:978)
		at org.apache.catalina.startup.HostConfig$DeployWar.run(HostConfig.java:1849)
		at java.util.concurrent.Executors$RunnableAdapter.call(Executors.java:511)
		at java.util.concurrent.FutureTask.run(FutureTask.java:266)
		at org.apache.tomcat.util.threads.InlineExecutorService.execute(InlineExecutorService.java:75)
		at java.util.concurrent.AbstractExecutorService.submit(AbstractExecutorService.java:112)
		at org.apache.catalina.startup.HostConfig.deployWARs(HostConfig.java:773)
		at org.apache.catalina.startup.HostConfig.deployApps(HostConfig.java:427)
		at org.apache.catalina.startup.HostConfig.start(HostConfig.java:1576)
		at org.apache.catalina.startup.HostConfig.lifecycleEvent(HostConfig.java:309)
		at org.apache.catalina.util.LifecycleBase.fireLifecycleEvent(LifecycleBase.java:123)
		at org.apache.catalina.util.LifecycleBase.setStateInternal(LifecycleBase.java:423)
		at org.apache.catalina.util.LifecycleBase.setState(LifecycleBase.java:366)
		at org.apache.catalina.core.ContainerBase.startInternal(ContainerBase.java:936)
		at org.apache.catalina.core.StandardHost.startInternal(StandardHost.java:841)
		at org.apache.catalina.util.LifecycleBase.start(LifecycleBase.java:183)
		at org.apache.catalina.core.ContainerBase$StartChild.call(ContainerBase.java:1384)
		at org.apache.catalina.core.ContainerBase$StartChild.call(ContainerBase.java:1374)
		at java.util.concurrent.FutureTask.run(FutureTask.java:266)
		at org.apache.tomcat.util.threads.InlineExecutorService.execute(InlineExecutorService.java:75)
		at java.util.concurrent.AbstractExecutorService.submit(AbstractExecutorService.java:134)
		at org.apache.catalina.core.ContainerBase.startInternal(ContainerBase.java:909)
		at org.apache.catalina.core.StandardEngine.startInternal(StandardEngine.java:262)
		at org.apache.catalina.util.LifecycleBase.start(LifecycleBase.java:183)
		at org.apache.catalina.core.StandardService.startInternal(StandardService.java:421)
		at org.apache.catalina.util.LifecycleBase.start(LifecycleBase.java:183)
		at org.apache.catalina.core.StandardServer.startInternal(StandardServer.java:930)
		at org.apache.catalina.util.LifecycleBase.start(LifecycleBase.java:183)
		at org.apache.catalina.startup.Catalina.start(Catalina.java:633)
		at sun.reflect.NativeMethodAccessorImpl.invoke0(Native Method)
		at sun.reflect.NativeMethodAccessorImpl.invoke(NativeMethodAccessorImpl.java:62)
		at sun.reflect.DelegatingMethodAccessorImpl.invoke(DelegatingMethodAccessorImpl.java:43)
		at java.lang.reflect.Method.invoke(Method.java:498)
		at org.apache.catalina.startup.Bootstrap.start(Bootstrap.java:343)
		at org.apache.catalina.startup.Bootstrap.main(Bootstrap.java:474)
	Caused by: org.apache.catalina.LifecycleException: Failed to start component [StandardEngine[Catalina].StandardHost[localhost].StandardContext[/programmer-java-1.0-SNAPSHOT]]
		at org.apache.catalina.util.LifecycleBase.handleSubClassException(LifecycleBase.java:440)
		at org.apache.catalina.util.LifecycleBase.start(LifecycleBase.java:198)
		at org.apache.catalina.core.ContainerBase.addChildInternal(ContainerBase.java:717)
		... 37 more
	Caused by: java.lang.UnsupportedClassVersionError: br/com/mobitbrasil/interview/ApplicationMobit has been compiled by a more recent version of the Java Runtime (class file version 55.0), this version of the Java Runtime only recognizes class file versions up to 52.0
		at java.lang.ClassLoader.defineClass1(Native Method)
		at java.lang.ClassLoader.defineClass(ClassLoader.java:756)
		at java.security.SecureClassLoader.defineClass(SecureClassLoader.java:142)
		at java.net.URLClassLoader.defineClass(URLClassLoader.java:468)
		at java.net.URLClassLoader.access$100(URLClassLoader.java:74)
		at java.net.URLClassLoader$1.run(URLClassLoader.java:369)
		at java.net.URLClassLoader$1.run(URLClassLoader.java:363)
		at java.security.AccessController.doPrivileged(Native Method)
		at java.net.URLClassLoader.findClass(URLClassLoader.java:362)
		at java.lang.ClassLoader.loadClass(ClassLoader.java:418)
		at java.lang.ClassLoader.loadClass(ClassLoader.java:405)
		at org.apache.openejb.core.TempClassLoader.loadClass(TempClassLoader.java:222)
		at org.apache.openejb.core.TempClassLoader.loadClass(TempClassLoader.java:83)
		at org.apache.xbean.finder.archive.FileArchive.loadClass(FileArchive.java:99)
		at org.apache.xbean.finder.archive.CompositeArchive.loadClass(CompositeArchive.java:58)
		at org.apache.xbean.finder.archive.FilteredArchive.loadClass(FilteredArchive.java:45)
		at org.apache.xbean.finder.archive.CompositeArchive.loadClass(CompositeArchive.java:58)
		at org.apache.openejb.config.WebappAggregatedArchive.loadClass(WebappAggregatedArchive.java:124)
		at org.apache.xbean.finder.AnnotationFinder$ClassInfo.get(AnnotationFinder.java:1499)
		at org.apache.xbean.finder.AnnotationFinder.findMetaAnnotatedClasses(AnnotationFinder.java:590)
		at org.apache.xbean.finder.AnnotationFinder.findMetaAnnotatedClasses(AnnotationFinder.java:539)
		at org.apache.openejb.config.AnnotationDeployer$DiscoverAnnotatedBeans.deploy(AnnotationDeployer.java:1346)
		at org.apache.openejb.config.AnnotationDeployer$DiscoverAnnotatedBeans.deploy(AnnotationDeployer.java:465)
		at org.apache.openejb.config.AnnotationDeployer.deploy(AnnotationDeployer.java:380)
		at org.apache.openejb.config.ConfigurationFactory$Chain.deploy(ConfigurationFactory.java:420)
		at org.apache.openejb.config.ConfigurationFactory.configureApplication(ConfigurationFactory.java:1033)
		at org.apache.tomee.catalina.TomcatWebAppBuilder.startInternal(TomcatWebAppBuilder.java:1286)
		at org.apache.tomee.catalina.TomcatWebAppBuilder.configureStart(TomcatWebAppBuilder.java:1130)
		at org.apache.tomee.catalina.GlobalListenerSupport.lifecycleEvent(GlobalListenerSupport.java:134)
		at org.apache.catalina.util.LifecycleBase.fireLifecycleEvent(LifecycleBase.java:123)
		at org.apache.catalina.core.StandardContext.startInternal(StandardContext.java:5051)
		at org.apache.catalina.util.LifecycleBase.start(LifecycleBase.java:183)
		... 38 more
19-Dec-2020 16:18:28.182 INFORMAÇÕES [main] sun.reflect.DelegatingMethodAccessorImpl.invoke Deployment of web application archive [/home/marden/Projects/contabilone/programmer-java/.distribution/apache-tomee/webapps/programmer-java-1.0-SNAPSHOT.war] has finished in [105] ms
19-Dec-2020 16:18:28.194 INFORMAÇÕES [main] org.apache.catalina.core.StandardContext.setClassLoaderProperty Unable to set the web application class loader property [clearReferencesRmiTargets] to [true] as the property does not exist.
19-Dec-2020 16:18:28.194 INFORMAÇÕES [main] org.apache.catalina.core.StandardContext.setClassLoaderProperty Unable to set the web application class loader property [clearReferencesObjectStreamClassCaches] to [true] as the property does not exist.
19-Dec-2020 16:18:28.194 INFORMAÇÕES [main] org.apache.catalina.core.StandardContext.setClassLoaderProperty Unable to set the web application class loader property [clearReferencesObjectStreamClassCaches] to [true] as the property does not exist.
19-Dec-2020 16:18:28.194 INFORMAÇÕES [main] org.apache.catalina.core.StandardContext.setClassLoaderProperty Unable to set the web application class loader property [clearReferencesThreadLocals] to [true] as the property does not exist.
19-Dec-2020 16:18:28.214 INFORMAÇÕES [main] sun.reflect.DelegatingMethodAccessorImpl.invoke Starting ProtocolHandler ["http-nio-8080"]
19-Dec-2020 16:18:28.224 INFORMAÇÕES [main] sun.reflect.DelegatingMethodAccessorImpl.invoke Starting ProtocolHandler ["ajp-nio-8009"]
19-Dec-2020 16:18:28.227 INFORMAÇÕES [main] sun.reflect.DelegatingMethodAccessorImpl.invoke Server startup in [186] milliseconds
